<?xml version="1.0" encoding="UTF-8"?>
<!-- Generated by org.testng.reporters.JUnitReportReporter -->
<testsuite skipped="0" hostname="LAPTOP-M3HOIN6R" name="rahulshettyacademy.Mavenjava.SeleniumTest" tests="2" failures="0" timestamp="2021-08-10T17:03:13 IST" time="0.001" errors="0">
  <testcase name="BrowseAutomantion" time="0.001" classname="rahulshettyacademy.Mavenjava.SeleniumTest"/>
  <system-out/>
  <testcase name="elementsUi" time="0.000" classname="rahulshettyacademy.Mavenjava.SeleniumTest"/>
  <system-out/>
</testsuite> <!-- rahulshettyacademy.Mavenjava.SeleniumTest -->
