<?xml version="1.0" encoding="UTF-8"?>
<!-- Generated by org.testng.reporters.JUnitReportReporter -->
<testsuite skipped="0" hostname="LAPTOP-M3HOIN6R" name="rahulshettyacademy.Mavenjava.RestAPITest" tests="2" failures="0" timestamp="2021-08-10T17:57:26 IST" time="0.016" errors="0">
  <testcase name="deleteTwitter" time="0.014" classname="rahulshettyacademy.Mavenjava.RestAPITest"/>
  <system-out/>
  <testcase name="postJira" time="0.002" classname="rahulshettyacademy.Mavenjava.RestAPITest"/>
  <system-out/>
</testsuite> <!-- rahulshettyacademy.Mavenjava.RestAPITest -->
