<?xml version="1.0" encoding="UTF-8"?>
<!-- Generated by org.testng.reporters.JUnitReportReporter -->
<testsuite skipped="0" hostname="LAPTOP-M3HOIN6R" name="rahulshettyacademy.Mavenjava.AppiumTest" tests="2" failures="0" timestamp="2021-08-10T17:57:26 IST" time="0.001" errors="0">
  <testcase name="IOSApps" time="0.001" classname="rahulshettyacademy.Mavenjava.AppiumTest"/>
  <system-out/>
  <testcase name="NativeAppAndroid" time="0.000" classname="rahulshettyacademy.Mavenjava.AppiumTest"/>
  <system-out/>
</testsuite> <!-- rahulshettyacademy.Mavenjava.AppiumTest -->
